
AVERAGE SCORE: 50

STUDENT ID      SCORE      GRADE

 99999999         50        C
100000000         59        C
100000001         60        B
100000002         69        B
100000003         70        A
100000004         41        C
100000005         40        D
100000006         31        D
100000007         30        F
100000008         51        C
100000009         49        C
100000010         55        C
100000011         45        C
100000012         65        B
100000013         35        D
100000014         75        A
100000015         25        F
100000016         90        A
100000017         10        F
100000018        100        A
100000019          0        F
100000020         50        C
100000021         59        C
100000022         60        B
100000023         69        B
100000024         70        A
100000025         41        C
100000026         40        D
100000027         31        D
100000028         30        F
100000029         50        C
100000030         59        C
100000031         60        B
100000032         69        B
100000033         70        A
100000034         41        C
100000035         40        D
100000036         31        D
100000037         30        F
100000038         50        C

Press any key to continue