
AVERAGE SCORE: 75

STUDENT ID      SCORE      GRADE

        1         56        D
        2         75        C
       10         75        C
       20         85        B
      100         66        C
      200         75        C
     1000        100        A
     2000         65        D
    10000         84        C
    20000         90        B
   100000         95        A
   200000         80        C
  1000000         75        C
  2000000         60        D
 10000000         70        C
 20000000         50        F
100000000         94        B
200000000         55        F

Press any key to continue