
  0  0  0  0  0  0  0  0  0  0  0  0  0  0  0  0  0  0  0  0
 99 88 77 66 55 44 33 22 11  0  0  0  0  0  0  0  0  0  0  0
  0  0  0  0  0  0  0  0  0  0  0  0  0  0  0  0  0  0  0  0
  0  0  0  0  0  0  0  0  0  0  0  0  0  0  0  0  0  0  0  0

  0  0  0  0  0  0  0  0  0  0  0  0  0  0  0  0  0  0  0  0
 99 88 77 66 55 44 33 22 11  0  0  0  0  0  0  0  0  0  0  0
 99 88 77 66 55 44 33 22 11  0  0  0  0  0  0  0  0  0  0  0
  0  0  0  0  0  0  0  0  0  0  0  0  0  0  0  0  0  0  0  0

  0  0  0  0  0  0  0  0  0  0  0  0  0  0  0  0  0  0  0  0
 11 99 88 77 66 55 44 33 22  0  0  0  0  0  0  0  0  0  0  0
 99 88 77 66 55 44 33 22 11  0  0  0  0  0  0  0  0  0  0  0
  0  0  0  0  0  0  0  0  0  0  0  0  0  0  0  0  0  0  0  0

  0  0  0  0  0  0  0  0  0  0  0  0  0  0  0  0  0  0  0  0
 99 88 77 66 55 44 33 22 11  0  0  0  0  0  0  0  0  0  0  0
 99 88 77 66 55 44 33 22 11  0  0  0  0  0  0  0  0  0  0  0
  0  0  0  0  0  0  0  0  0  0  0  0  0  0  0  0  0  0  0  0

  0  0  0  0  0  0  0  0  0  0  0  0  0  0  0  0  0  0  0  0
 11 22 33 44 55 66 77 88 99  0  0  0  0  0  0  0  0  0  0  0
 99 88 77 66 55 44 33 22 11  0  0  0  0  0  0  0  0  0  0  0
  0  0  0  0  0  0  0  0  0  0  0  0  0  0  0  0  0  0  0  0
