 STUDENT      PERCENT
   ID         CORRECT

        1      80.39
        2      90.20
        3      64.71
        4      60.78
        5      25.49
        6     100.00
        7      92.16
        8      88.24
        9      86.27
       10      84.31
       11      82.35
       12      83.67
       13      41.18
       14      64.71
       15      80.39
       16      70.59
       17       1.96
       18      98.04
       19     100.00
       20      82.35

AVERAGE:       73.87
Press any key to continue