                        ANALYSIS OF ANSWERS

            ---------- NUMBER CHOOSING ANSWER ----------  PERCENT
QUESTION     A       B      C       D      E     OMITTED  CORRECT

    1         2       3      3       0     22*       2      68.8%
    2         1       1      2       1     24*       3      75.0%
    3         2       1      2      21*     2        4      65.6%
    4         2       2      0      24*     2        2      75.0%
    5         2       2     22*      1      2        3      68.8%
    6         0       0     31*      0      0        1      96.9%
    7         0      19*    12       0      0        1      59.4%
    8         0      20*    11       0      0        1      62.5%
    9        20*      0     11       0      0        1      62.5%
   10        17*      0     14       0      0        1      53.1%
   11        23*      0      8       0      0        1      71.9%
   12        22*      0      9       0      0        1      68.8%
   13         0      22*     9       0      0        1      68.8%
   14         0      25*     6       0      0        1      78.1%
   15         0       0     31*      0      0        1      96.9%
   16         3       2      2      20*     3        2      62.5%
   17         2       3      3      20*     2        2      62.5%
   18         2       1      2       1     24*       2      75.0%
   19         4       2      3       0     20*       3      62.5%
   20        20*      2      4       1      2        3      62.5%
Press any key to continue