Unit 1, Assign B Ver 1 using data file 1b4.2
Programmed by Neal Dreher

  ACCOUNT                                    ACCOUNT
  NUMBER                NAME                 BALANCE

         6      ACEY, JAMES                   543.85
         9      BENSON, JAMES                 109.22
        10      CALLAM, LARRY                   6.81
        24      RICHARDSON,  SUSAN MARIE      175.33
        25      WOOD, STEVEN DOUGLAS           10.91
        30      WATASHE, KENNETH GEORGE       291.38
        63      MCCLEARY, JANE                916.22
        69      JARETT, PAUL                       0
       237      NUTTING, TERESA               319.78
       538      BROWNSTONE, CLAYTON JAMES     216.04
       584      GOFF, JOSEPH                   86.38
      9201      HANNAH, CAROL                 411.41
      9673      YOUNG, RANDALL JAMES            4.75
     11085      REEVES, WILLA                 618.38
     20848      HOOP, JEANETTE                 44.11
     29369      BRAHAM, JOSEPH                 61.71
     30536      BOLDEN, EDWARD DEAN           310.68
     62179      STEARNS, KENNETH               39.33
    123456      YOUNG, RICHARD                 86.75
    234567      AILSHIE, LAURA LOUISE            711
    554314      ROHNSTON, ALEXANDER BARTH      78.91
    865712      HERLAN, WILLIAM                58.78
   1250140      SEVERNS, JERRY                108.13
   3200872      AILSHIE, LARRY WILBERT         11.52
   8579631      RAINTREE, VICTORIA JEAN        89.23
   9412519      ANDERSON, DENNIS                4.03
  26524601      NOBEL, WILLIAM LYNN            24.74
  30196637      TYNER, CHARLES                345.33
  55710660      TALEXANDER, ELIZABETH SUE      64.82
  61032509      YOUNA, REBECCA ELIZABETH         500
 212173904      DARNELL, CLARENCE FREDERI     888.16
 286810360      FREYSMITH, WILLIAM ROBERT       5000
 335852167      SADORRIS, MEL                   5.23
 653578843      COPELAND, LINDA LOUISE         -4.76
 881867134      LEHMAN, HENRY                  18.84
 969615974      ZOONCASTER, BRENDA             91.16

36 CUSTOMERS PROCESSED
AVERAGE ACCOUNT BALANCE                       340.23

FIRST IN ALPHABETICAL ORDER
         6      ACEY, JAMES                   543.85

LAST IN ALPHABETICAL ORDER
 969615974      ZOONCASTER, BRENDA             91.16
